[ 2016-03-28T14:14:43+08:00 ] ::1 /one/Public/static/jquery-2.0.3.min.map
INFO: [ app_init ] --START--
INFO: Run Behavior\BuildLiteBehavior [ RunTime:0.000233s ]
INFO: Run Common\Behavior\InitHookBehavior [ RunTime:0.007554s ]
INFO: [ app_init ] --END-- [ RunTime:0.010597s ]
ERR: 无法加载模块:Public

[ 2016-03-28T14:21:56+08:00 ] ::1 /one/Public/static/jquery-2.0.3.min.map
INFO: [ app_init ] --START--
INFO: Run Behavior\BuildLiteBehavior [ RunTime:0.000232s ]
INFO: Run Common\Behavior\InitHookBehavior [ RunTime:0.007370s ]
INFO: [ app_init ] --END-- [ RunTime:0.010040s ]
ERR: 无法加载模块:Public

[ 2016-03-28T14:34:18+08:00 ] ::1 /one/Public/static/jquery-2.0.3.min.map
INFO: [ app_init ] --START--
INFO: Run Behavior\BuildLiteBehavior [ RunTime:0.000223s ]
INFO: Run Common\Behavior\InitHookBehavior [ RunTime:0.007067s ]
INFO: [ app_init ] --END-- [ RunTime:0.009690s ]
ERR: 无法加载模块:Public

[ 2016-03-28T14:51:55+08:00 ] ::1 /one/Public/static/jquery-2.0.3.min.map
INFO: [ app_init ] --START--
INFO: Run Behavior\BuildLiteBehavior [ RunTime:0.000271s ]
INFO: Run Common\Behavior\InitHookBehavior [ RunTime:0.006617s ]
INFO: [ app_init ] --END-- [ RunTime:0.009945s ]
ERR: 无法加载模块:Public

[ 2016-03-28T14:51:57+08:00 ] ::1 /one/Public/static/jquery-2.0.3.min.map
INFO: [ app_init ] --START--
INFO: Run Behavior\BuildLiteBehavior [ RunTime:0.000270s ]
INFO: Run Common\Behavior\InitHookBehavior [ RunTime:0.010086s ]
INFO: [ app_init ] --END-- [ RunTime:0.012989s ]
ERR: 无法加载模块:Public

[ 2016-03-28T14:56:59+08:00 ] ::1 /one/Public/static/jquery-2.0.3.min.map
INFO: [ app_init ] --START--
INFO: Run Behavior\BuildLiteBehavior [ RunTime:0.000330s ]
INFO: Run Common\Behavior\InitHookBehavior [ RunTime:0.005339s ]
INFO: [ app_init ] --END-- [ RunTime:0.007969s ]
ERR: 无法加载模块:Public

[ 2016-03-28T14:57:01+08:00 ] ::1 /one/Public/static/jquery-2.0.3.min.map
INFO: [ app_init ] --START--
INFO: Run Behavior\BuildLiteBehavior [ RunTime:0.000243s ]
INFO: Run Common\Behavior\InitHookBehavior [ RunTime:0.004714s ]
INFO: [ app_init ] --END-- [ RunTime:0.007485s ]
ERR: 无法加载模块:Public

[ 2016-03-28T15:19:38+08:00 ] ::1 /one/Public/static/jquery-2.0.3.min.map
INFO: [ app_init ] --START--
INFO: Run Behavior\BuildLiteBehavior [ RunTime:0.000225s ]
INFO: Run Common\Behavior\InitHookBehavior [ RunTime:0.013403s ]
INFO: [ app_init ] --END-- [ RunTime:0.016187s ]
ERR: 无法加载模块:Public

[ 2016-03-28T15:19:49+08:00 ] ::1 /one/Public/static/jquery-2.0.3.min.map
INFO: [ app_init ] --START--
INFO: Run Behavior\BuildLiteBehavior [ RunTime:0.000345s ]
INFO: Run Common\Behavior\InitHookBehavior [ RunTime:0.007653s ]
INFO: [ app_init ] --END-- [ RunTime:0.010411s ]
ERR: 无法加载模块:Public

[ 2016-03-28T15:25:44+08:00 ] ::1 /one/Public/static/jquery-2.0.3.min.map
INFO: [ app_init ] --START--
INFO: Run Behavior\BuildLiteBehavior [ RunTime:0.000225s ]
INFO: Run Common\Behavior\InitHookBehavior [ RunTime:0.008638s ]
INFO: [ app_init ] --END-- [ RunTime:0.011807s ]
ERR: 无法加载模块:Public

[ 2016-03-28T15:26:02+08:00 ] ::1 /one/Public/static/jquery-2.0.3.min.map
INFO: [ app_init ] --START--
INFO: Run Behavior\BuildLiteBehavior [ RunTime:0.000226s ]
INFO: Run Common\Behavior\InitHookBehavior [ RunTime:0.005695s ]
INFO: [ app_init ] --END-- [ RunTime:0.009454s ]
ERR: 无法加载模块:Public

[ 2016-03-28T16:02:14+08:00 ] ::1 /one/Public/static/jquery-2.0.3.min.map
INFO: [ app_init ] --START--
INFO: Run Behavior\BuildLiteBehavior [ RunTime:0.000223s ]
INFO: Run Common\Behavior\InitHookBehavior [ RunTime:0.008549s ]
INFO: [ app_init ] --END-- [ RunTime:0.011210s ]
ERR: 无法加载模块:Public

[ 2016-03-28T16:02:22+08:00 ] ::1 /one/Public/static/jquery-2.0.3.min.map
INFO: [ app_init ] --START--
INFO: Run Behavior\BuildLiteBehavior [ RunTime:0.000220s ]
INFO: Run Common\Behavior\InitHookBehavior [ RunTime:0.005586s ]
INFO: [ app_init ] --END-- [ RunTime:0.008171s ]
ERR: 无法加载模块:Public

[ 2016-03-28T16:02:26+08:00 ] ::1 /one/Public/static/jquery-2.0.3.min.map
INFO: [ app_init ] --START--
INFO: Run Behavior\BuildLiteBehavior [ RunTime:0.000220s ]
INFO: Run Common\Behavior\InitHookBehavior [ RunTime:0.006108s ]
INFO: [ app_init ] --END-- [ RunTime:0.008644s ]
ERR: 无法加载模块:Public

[ 2016-03-28T16:02:30+08:00 ] ::1 /one/Public/static/jquery-2.0.3.min.map
INFO: [ app_init ] --START--
INFO: Run Behavior\BuildLiteBehavior [ RunTime:0.000508s ]
INFO: Run Common\Behavior\InitHookBehavior [ RunTime:0.005620s ]
INFO: [ app_init ] --END-- [ RunTime:0.008828s ]
ERR: 无法加载模块:Public

[ 2016-03-28T16:42:39+08:00 ] ::1 /one/Public/static/jquery-2.0.3.min.map
INFO: [ app_init ] --START--
INFO: Run Behavior\BuildLiteBehavior [ RunTime:0.000236s ]
INFO: Run Common\Behavior\InitHookBehavior [ RunTime:0.005391s ]
INFO: [ app_init ] --END-- [ RunTime:0.009320s ]
ERR: 无法加载模块:Public

[ 2016-03-28T16:43:20+08:00 ] ::1 /one/Public/static/jquery-2.0.3.min.map
INFO: [ app_init ] --START--
INFO: Run Behavior\BuildLiteBehavior [ RunTime:0.000218s ]
INFO: Run Common\Behavior\InitHookBehavior [ RunTime:0.007367s ]
INFO: [ app_init ] --END-- [ RunTime:0.009914s ]
ERR: 无法加载模块:Public

[ 2016-03-28T16:53:41+08:00 ] ::1 /one/Public/static/jquery-2.0.3.min.map
INFO: [ app_init ] --START--
INFO: Run Behavior\BuildLiteBehavior [ RunTime:0.000229s ]
INFO: Run Common\Behavior\InitHookBehavior [ RunTime:0.005850s ]
INFO: [ app_init ] --END-- [ RunTime:0.008463s ]
ERR: 无法加载模块:Public

[ 2016-03-28T16:53:43+08:00 ] ::1 /one/Public/static/jquery-2.0.3.min.map
INFO: [ app_init ] --START--
INFO: Run Behavior\BuildLiteBehavior [ RunTime:0.001308s ]
INFO: Run Common\Behavior\InitHookBehavior [ RunTime:0.005597s ]
INFO: [ app_init ] --END-- [ RunTime:0.009446s ]
ERR: 无法加载模块:Public

[ 2016-03-28T16:53:45+08:00 ] ::1 /one/Public/static/jquery-2.0.3.min.map
INFO: [ app_init ] --START--
INFO: Run Behavior\BuildLiteBehavior [ RunTime:0.000234s ]
INFO: Run Common\Behavior\InitHookBehavior [ RunTime:0.007548s ]
INFO: [ app_init ] --END-- [ RunTime:0.011735s ]
ERR: 无法加载模块:Public

[ 2016-03-28T16:53:47+08:00 ] ::1 /one/Public/static/jquery-2.0.3.min.map
INFO: [ app_init ] --START--
INFO: Run Behavior\BuildLiteBehavior [ RunTime:0.000235s ]
INFO: Run Common\Behavior\InitHookBehavior [ RunTime:0.005744s ]
INFO: [ app_init ] --END-- [ RunTime:0.008293s ]
ERR: 无法加载模块:Public

[ 2016-03-28T16:53:48+08:00 ] ::1 /one/Public/static/jquery-2.0.3.min.map
INFO: [ app_init ] --START--
INFO: Run Behavior\BuildLiteBehavior [ RunTime:0.000234s ]
INFO: Run Common\Behavior\InitHookBehavior [ RunTime:0.005587s ]
INFO: [ app_init ] --END-- [ RunTime:0.008247s ]
ERR: 无法加载模块:Public

