[ 2016-03-28T14:03:50+08:00 ] ::1 /one/index.php?s=/Admin/Index/index.html
INFO: [ app_init ] --START--
INFO: Run Behavior\BuildLiteBehavior [ RunTime:0.000221s ]
INFO: Run Common\Behavior\InitHookBehavior [ RunTime:0.012019s ]
INFO: [ app_init ] --END-- [ RunTime:0.014689s ]
INFO: [ app_begin ] --START--
INFO: Run Behavior\ReadHtmlCacheBehavior [ RunTime:0.002183s ]
INFO: [ app_begin ] --END-- [ RunTime:0.004096s ]

[ 2016-03-28T14:03:50+08:00 ] ::1 /one/index.php?s=/Admin/Public/login.html
INFO: [ app_init ] --START--
INFO: Run Behavior\BuildLiteBehavior [ RunTime:0.000228s ]
INFO: Run Common\Behavior\InitHookBehavior [ RunTime:0.007545s ]
INFO: [ app_init ] --END-- [ RunTime:0.010181s ]
INFO: [ app_begin ] --START--
INFO: Run Behavior\ReadHtmlCacheBehavior [ RunTime:0.002286s ]
INFO: [ app_begin ] --END-- [ RunTime:0.003448s ]
SQL: SHOW COLUMNS FROM `config` [ RunTime:0.0070s ]
SQL: SELECT `type`,`name`,`value` FROM `config` WHERE `status` = 1  [ RunTime:0.0009s ]
INFO: [ view_parse ] --START--
INFO: [ template_filter ] --START--
INFO: Run Behavior\ContentReplaceBehavior [ RunTime:0.000672s ]
INFO: [ template_filter ] --END-- [ RunTime:0.001835s ]
INFO: Run Behavior\ParseTemplateBehavior [ RunTime:0.029441s ]
INFO: [ view_parse ] --END-- [ RunTime:0.030766s ]
INFO: [ view_filter ] --START--
INFO: Run Behavior\WriteHtmlCacheBehavior [ RunTime:0.001412s ]
INFO: [ view_filter ] --END-- [ RunTime:0.003132s ]
INFO: [ app_end ] --START--
INFO: Run Behavior\ShowPageTraceBehavior [ RunTime:0.002341s ]
INFO: [ app_end ] --END-- [ RunTime:0.003493s ]

[ 2016-03-28T14:03:50+08:00 ] ::1 /one/index.php?s=/Admin/Public/verify.html
INFO: [ app_init ] --START--
INFO: Run Behavior\BuildLiteBehavior [ RunTime:0.000226s ]
INFO: Run Common\Behavior\InitHookBehavior [ RunTime:0.010333s ]
INFO: [ app_init ] --END-- [ RunTime:0.013184s ]
INFO: [ app_begin ] --START--
INFO: Run Behavior\ReadHtmlCacheBehavior [ RunTime:0.001744s ]
INFO: [ app_begin ] --END-- [ RunTime:0.002924s ]
INFO: [ app_end ] --START--
INFO: Run Behavior\ShowPageTraceBehavior [ RunTime:0.001964s ]
INFO: [ app_end ] --END-- [ RunTime:0.003586s ]

[ 2016-03-28T14:04:00+08:00 ] ::1 /one/index.php?s=/Admin/Public/verify.html&random=0.017650451268282574
INFO: [ app_init ] --START--
INFO: Run Behavior\BuildLiteBehavior [ RunTime:0.000229s ]
INFO: Run Common\Behavior\InitHookBehavior [ RunTime:0.005618s ]
INFO: [ app_init ] --END-- [ RunTime:0.009410s ]
INFO: [ app_begin ] --START--
INFO: Run Behavior\ReadHtmlCacheBehavior [ RunTime:0.001504s ]
INFO: [ app_begin ] --END-- [ RunTime:0.002708s ]
INFO: [ app_end ] --START--
INFO: Run Behavior\ShowPageTraceBehavior [ RunTime:0.001627s ]
INFO: [ app_end ] --END-- [ RunTime:0.002847s ]

[ 2016-03-28T14:04:02+08:00 ] ::1 /one/index.php?s=/Admin/Public/verify.html&random=0.23559206877647598
INFO: [ app_init ] --START--
INFO: Run Behavior\BuildLiteBehavior [ RunTime:0.000222s ]
INFO: Run Common\Behavior\InitHookBehavior [ RunTime:0.005507s ]
INFO: [ app_init ] --END-- [ RunTime:0.008131s ]
INFO: [ app_begin ] --START--
INFO: Run Behavior\ReadHtmlCacheBehavior [ RunTime:0.001503s ]
INFO: [ app_begin ] --END-- [ RunTime:0.002658s ]
INFO: [ app_end ] --START--
INFO: Run Behavior\ShowPageTraceBehavior [ RunTime:0.001593s ]
INFO: [ app_end ] --END-- [ RunTime:0.002882s ]

[ 2016-03-28T14:04:04+08:00 ] ::1 /one/index.php?s=/Admin/Public/verify.html&random=0.4347382581172734
INFO: [ app_init ] --START--
INFO: Run Behavior\BuildLiteBehavior [ RunTime:0.000260s ]
INFO: Run Common\Behavior\InitHookBehavior [ RunTime:0.005647s ]
INFO: [ app_init ] --END-- [ RunTime:0.009660s ]
INFO: [ app_begin ] --START--
INFO: Run Behavior\ReadHtmlCacheBehavior [ RunTime:0.001516s ]
INFO: [ app_begin ] --END-- [ RunTime:0.002798s ]
INFO: [ app_end ] --START--
INFO: Run Behavior\ShowPageTraceBehavior [ RunTime:0.001626s ]
INFO: [ app_end ] --END-- [ RunTime:0.003697s ]

[ 2016-03-28T14:04:05+08:00 ] ::1 /one/index.php?s=/Admin/Public/verify.html&random=0.8030483703563518
INFO: [ app_init ] --START--
INFO: Run Behavior\BuildLiteBehavior [ RunTime:0.000222s ]
INFO: Run Common\Behavior\InitHookBehavior [ RunTime:0.006007s ]
INFO: [ app_init ] --END-- [ RunTime:0.009181s ]
INFO: [ app_begin ] --START--
INFO: Run Behavior\ReadHtmlCacheBehavior [ RunTime:0.002996s ]
INFO: [ app_begin ] --END-- [ RunTime:0.004224s ]
INFO: [ app_end ] --START--
INFO: Run Behavior\ShowPageTraceBehavior [ RunTime:0.001575s ]
INFO: [ app_end ] --END-- [ RunTime:0.002785s ]

[ 2016-03-28T14:04:11+08:00 ] ::1 /one/index.php?s=/Admin/Public/login.html
INFO: [ app_init ] --START--
INFO: Run Behavior\BuildLiteBehavior [ RunTime:0.000222s ]
INFO: Run Common\Behavior\InitHookBehavior [ RunTime:0.005447s ]
INFO: [ app_init ] --END-- [ RunTime:0.007985s ]
INFO: [ app_begin ] --START--
INFO: Run Behavior\ReadHtmlCacheBehavior [ RunTime:0.001387s ]
INFO: [ app_begin ] --END-- [ RunTime:0.002311s ]
SQL: SHOW COLUMNS FROM `member` [ RunTime:0.0062s ]
SQL: SELECT `uid`,`nickname`,`sex`,`birthday`,`qq`,`score`,`login`,`reg_ip`,`reg_time`,`last_login_ip`,`last_login_time`,`status` FROM `member` WHERE `uid` = 1 LIMIT 1   [ RunTime:0.0008s ]
SQL: SHOW COLUMNS FROM `action` [ RunTime:0.0060s ]
SQL: SELECT * FROM `action` WHERE `name` = 'user_login' LIMIT 1   [ RunTime:0.0008s ]
SQL: SHOW COLUMNS FROM `action_log` [ RunTime:0.0062s ]
SQL: INSERT INTO `action_log` (`action_id`,`user_id`,`action_ip`,`model`,`record_id`,`create_time`,`remark`) VALUES ('1','1','0','member','1','1459145051','admin在2016-03-28 14:04登录了后台') [ RunTime:0.0010s ]
SQL: SELECT * FROM `action` WHERE `name` = 'user_login' LIMIT 1   [ RunTime:0.0008s ]
NOTIC: [8] Undefined offset: 1 D:\wamp\www\one\Application\Common\Common\function.php 第 679 行.
NOTIC: [2] array_key_exists() expects parameter 2 to be array, null given D:\wamp\www\one\Application\Common\Common\function.php 第 679 行.
SQL: SELECT COUNT(*) AS tp_count FROM `action_log` WHERE `action_id` = 1 AND `user_id` = 1 AND `create_time` > 1459058651 LIMIT 1   [ RunTime:0.0168s ]
SQL: UPDATE `member` SET `login`=`login`+1,`last_login_time`='1459145051',`last_login_ip`='0' WHERE `uid` = 1 [ RunTime:0.0010s ]

[ 2016-03-28T14:04:12+08:00 ] ::1 /one/index.php?s=/Admin/Index/index.html
INFO: [ app_init ] --START--
INFO: Run Behavior\BuildLiteBehavior [ RunTime:0.000221s ]
INFO: Run Common\Behavior\InitHookBehavior [ RunTime:0.007670s ]
INFO: [ app_init ] --END-- [ RunTime:0.010498s ]
INFO: [ app_begin ] --START--
INFO: Run Behavior\ReadHtmlCacheBehavior [ RunTime:0.001623s ]
INFO: [ app_begin ] --END-- [ RunTime:0.002804s ]
SQL: SHOW COLUMNS FROM `menu` [ RunTime:0.0066s ]
SQL: SELECT `id`,`title`,`url` FROM `menu` WHERE `pid` = 0 AND `hide` = 0 ORDER BY `sort` asc  [ RunTime:0.0009s ]
SQL: SELECT `pid` FROM `menu` WHERE ( pid !=0 AND url like '%Index/index%' ) LIMIT 1   [ RunTime:0.0016s ]
INFO: [ view_parse ] --START--
INFO: [ template_filter ] --START--
INFO: Run Behavior\ContentReplaceBehavior [ RunTime:0.000752s ]
INFO: [ template_filter ] --END-- [ RunTime:0.004470s ]
INFO: [ AdminIndex ] --START--
SQL: SHOW COLUMNS FROM `addons` [ RunTime:0.0066s ]
SQL: SELECT `config` FROM `addons` WHERE `name` = 'SiteStat' AND `status` = 1 LIMIT 1   [ RunTime:0.0008s ]
SQL: SHOW COLUMNS FROM `member` [ RunTime:0.0056s ]
SQL: SELECT COUNT(*) AS tp_count FROM `member` LIMIT 1   [ RunTime:0.0009s ]
SQL: SHOW COLUMNS FROM `action_log` [ RunTime:0.0062s ]
SQL: SELECT COUNT(*) AS tp_count FROM `action_log` LIMIT 1   [ RunTime:0.0007s ]
SQL: SHOW COLUMNS FROM `document` [ RunTime:0.0056s ]
SQL: SELECT COUNT(*) AS tp_count FROM `document` LIMIT 1   [ RunTime:0.0007s ]
SQL: SHOW COLUMNS FROM `category` [ RunTime:0.0059s ]
SQL: SELECT COUNT(*) AS tp_count FROM `category` LIMIT 1   [ RunTime:0.0007s ]
SQL: SHOW COLUMNS FROM `model` [ RunTime:0.0067s ]
SQL: SELECT COUNT(*) AS tp_count FROM `model` LIMIT 1   [ RunTime:0.0007s ]
INFO: [ view_parse ] --START--
INFO: [ template_filter ] --START--
INFO: Run Behavior\ContentReplaceBehavior [ RunTime:0.000631s ]
INFO: [ template_filter ] --END-- [ RunTime:-0.135380s ]
INFO: Run Behavior\ParseTemplateBehavior [ RunTime:0.017002s ]
INFO: [ view_parse ] --END-- [ RunTime:0.018150s ]
INFO: [ view_filter ] --START--
INFO: Run Behavior\WriteHtmlCacheBehavior [ RunTime:0.001221s ]
INFO: [ view_filter ] --END-- [ RunTime:0.002518s ]
INFO: Run Addons\SiteStat\SiteStatAddon [ RunTime:0.110590s ]
SQL: SELECT `config` FROM `addons` WHERE `name` = 'SystemInfo' AND `status` = 1 LIMIT 1   [ RunTime:0.0008s ]
INFO: [ view_parse ] --START--
INFO: [ template_filter ] --START--
INFO: Run Behavior\ContentReplaceBehavior [ RunTime:0.001133s ]
INFO: [ template_filter ] --END-- [ RunTime:-0.526981s ]
SQL: select version() as v; [ RunTime:0.0329s ]
INFO: Run Behavior\ParseTemplateBehavior [ RunTime:0.090762s ]
INFO: [ view_parse ] --END-- [ RunTime:-0.345301s ]
INFO: [ view_filter ] --START--
INFO: Run Behavior\WriteHtmlCacheBehavior [ RunTime:0.000306s ]
INFO: [ view_filter ] --END-- [ RunTime:-0.436126s ]
INFO: Run Addons\SystemInfo\SystemInfoAddon [ RunTime:0.436403s ]
SQL: SELECT `config` FROM `addons` WHERE `name` = 'DevTeam' AND `status` = 1 LIMIT 1   [ RunTime:0.0008s ]
INFO: [ view_parse ] --START--
INFO: [ template_filter ] --START--
INFO: Run Behavior\ContentReplaceBehavior [ RunTime:0.000782s ]
INFO: [ template_filter ] --END-- [ RunTime:-0.602091s ]
INFO: Run Behavior\ParseTemplateBehavior [ RunTime:0.012657s ]
INFO: [ view_parse ] --END-- [ RunTime:-0.451030s ]
INFO: [ view_filter ] --START--
INFO: Run Behavior\WriteHtmlCacheBehavior [ RunTime:0.000320s ]
INFO: [ view_filter ] --END-- [ RunTime:-0.462402s ]
INFO: Run Addons\DevTeam\DevTeamAddon [ RunTime:0.025721s ]
INFO: [ AdminIndex ] --END-- [ RunTime:0.575172s ]
INFO: Run Behavior\ParseTemplateBehavior [ RunTime:0.019204s ]
INFO: [ view_parse ] --END-- [ RunTime:-0.451030s ]
INFO: [ view_filter ] --START--
INFO: Run Behavior\WriteHtmlCacheBehavior [ RunTime:0.000306s ]
INFO: [ view_filter ] --END-- [ RunTime:-0.468942s ]
INFO: [ app_end ] --START--
INFO: Run Behavior\ShowPageTraceBehavior [ RunTime:0.002787s ]
INFO: [ app_end ] --END-- [ RunTime:0.004006s ]

[ 2016-03-28T14:04:15+08:00 ] ::1 /one/index.php?s=/Admin/Article/index.html
INFO: [ app_init ] --START--
INFO: Run Behavior\BuildLiteBehavior [ RunTime:0.000230s ]
INFO: Run Common\Behavior\InitHookBehavior [ RunTime:0.006821s ]
INFO: [ app_init ] --END-- [ RunTime:0.009372s ]
INFO: [ app_begin ] --START--
INFO: Run Behavior\ReadHtmlCacheBehavior [ RunTime:0.001465s ]
INFO: [ app_begin ] --END-- [ RunTime:0.002606s ]
SQL: SHOW COLUMNS FROM `menu` [ RunTime:0.0058s ]
SQL: SELECT `id`,`title`,`url` FROM `menu` WHERE `pid` = 0 AND `hide` = 0 ORDER BY `sort` asc  [ RunTime:0.0009s ]
SQL: SELECT `pid` FROM `menu` WHERE ( pid !=0 AND url like '%Article/index%' ) LIMIT 1   [ RunTime:0.0008s ]
SQL: SELECT * FROM `menu` WHERE `id` = 2 LIMIT 1   [ RunTime:0.0008s ]
SQL: SELECT DISTINCT  `group` FROM `menu` WHERE `group` <> '' AND `pid` = 2  [ RunTime:0.0010s ]
SQL: SELECT `id`,`url` FROM `menu` WHERE `pid` = 2 AND `hide` = 0  [ RunTime:0.0008s ]
SQL: SELECT `id`,`pid`,`title`,`url`,`tip` FROM `menu` WHERE `group` = '内容' AND `pid` = 2 AND `hide` = 0 ORDER BY `sort` asc  [ RunTime:0.0009s ]
SQL: SHOW COLUMNS FROM `auth_group_access` [ RunTime:0.0063s ]
SQL: SELECT `extend_id` FROM auth_group_access g INNER JOIN auth_extend c on g.group_id=c.group_id  WHERE ( g.uid='1' and c.type='1' and !isnull(extend_id) )  [ RunTime:0.0008s ]
SQL: SHOW COLUMNS FROM `category` [ RunTime:0.0066s ]
SQL: SELECT `id`,`title`,`pid`,`allow_publish` FROM `category` WHERE `status` = 1 ORDER BY `pid`,`sort`  [ RunTime:0.0008s ]
SQL: SHOW COLUMNS FROM `model` [ RunTime:0.0078s ]
SQL: SELECT * FROM `model` WHERE `name` = 'document' LIMIT 1   [ RunTime:0.0008s ]
SQL: SHOW COLUMNS FROM `document` [ RunTime:0.0077s ]
SQL: SELECT COUNT(*) AS tp_count FROM document DOCUMENT WHERE `status` IN ('0','1','2') AND `pid` = 0 LIMIT 1   [ RunTime:0.0029s ]
SQL: SELECT `id`,`title`,`type`,`update_time`,`status`,`view`,`category_id`,`model_id`,`pid` FROM document DOCUMENT WHERE `status` IN ('0','1','2') AND `pid` = 0 ORDER BY `level` DESC,DOCUMENT.id DESC LIMIT 0,10   [ RunTime:0.0008s ]
SQL: SELECT `extend` FROM `model` WHERE `id` = 1 LIMIT 1   [ RunTime:0.0008s ]
SQL: SHOW COLUMNS FROM `attribute` [ RunTime:0.0059s ]
SQL: SELECT `id`,`name`,`type`,`extra` FROM `attribute` WHERE `model_id` = 1  [ RunTime:0.0010s ]
NOTIC: [8] Undefined variable: groups D:\wamp\www\one\Application\Admin\Controller\ArticleController.class.php 第 231 行.
INFO: [ view_parse ] --START--
INFO: [ template_filter ] --START--
INFO: Run Behavior\ContentReplaceBehavior [ RunTime:0.002010s ]
INFO: [ template_filter ] --END-- [ RunTime:0.003219s ]
INFO: Run Behavior\ParseTemplateBehavior [ RunTime:0.400204s ]
INFO: [ view_parse ] --END-- [ RunTime:0.401334s ]
INFO: [ view_filter ] --START--
INFO: Run Behavior\WriteHtmlCacheBehavior [ RunTime:0.001320s ]
INFO: [ view_filter ] --END-- [ RunTime:0.002437s ]
INFO: [ app_end ] --START--
INFO: Run Behavior\ShowPageTraceBehavior [ RunTime:0.006577s ]
INFO: [ app_end ] --END-- [ RunTime:0.007730s ]

[ 2016-03-28T14:04:17+08:00 ] ::1 /one/index.php?s=/Admin/User/index.html
INFO: [ app_init ] --START--
INFO: Run Behavior\BuildLiteBehavior [ RunTime:0.000223s ]
INFO: Run Common\Behavior\InitHookBehavior [ RunTime:0.005598s ]
INFO: [ app_init ] --END-- [ RunTime:0.008595s ]
INFO: [ app_begin ] --START--
INFO: Run Behavior\ReadHtmlCacheBehavior [ RunTime:0.001516s ]
INFO: [ app_begin ] --END-- [ RunTime:0.002833s ]
SQL: SHOW COLUMNS FROM `menu` [ RunTime:0.0056s ]
SQL: SELECT `id`,`title`,`url` FROM `menu` WHERE `pid` = 0 AND `hide` = 0 ORDER BY `sort` asc  [ RunTime:0.0008s ]
SQL: SELECT `pid` FROM `menu` WHERE ( pid !=0 AND url like '%User/index%' ) LIMIT 1   [ RunTime:0.0009s ]
SQL: SELECT * FROM `menu` WHERE `id` = 16 LIMIT 1   [ RunTime:0.0007s ]
SQL: SELECT DISTINCT  `group` FROM `menu` WHERE `group` <> '' AND `pid` = 16  [ RunTime:0.0010s ]
SQL: SELECT `id`,`url` FROM `menu` WHERE `pid` = 16 AND `hide` = 0  [ RunTime:0.0008s ]
SQL: SELECT `id`,`pid`,`title`,`url`,`tip` FROM `menu` WHERE `group` = '用户管理' AND `pid` = 16 AND `hide` = 0 ORDER BY `sort` asc  [ RunTime:0.0010s ]
SQL: SELECT `id`,`pid`,`title`,`url`,`tip` FROM `menu` WHERE `group` = '行为管理' AND `pid` = 16 AND `hide` = 0 ORDER BY `sort` asc  [ RunTime:0.0010s ]
SQL: SHOW COLUMNS FROM `member` [ RunTime:0.0058s ]
SQL: SELECT COUNT(*) AS tp_count FROM `member` WHERE `status` >= 0 AND `nickname` LIKE '%%' LIMIT 1   [ RunTime:0.0007s ]
SQL: SELECT `uid`,`nickname`,`sex`,`birthday`,`qq`,`score`,`login`,`reg_ip`,`reg_time`,`last_login_ip`,`last_login_time`,`status` FROM `member` WHERE `status` >= 0 AND `nickname` LIKE '%%' ORDER BY `uid` desc LIMIT 0,10   [ RunTime:0.0007s ]
INFO: [ view_parse ] --START--
INFO: [ template_filter ] --START--
INFO: Run Behavior\ContentReplaceBehavior [ RunTime:0.000815s ]
INFO: [ template_filter ] --END-- [ RunTime:0.001981s ]
INFO: Run Behavior\ParseTemplateBehavior [ RunTime:0.174593s ]
INFO: [ view_parse ] --END-- [ RunTime:0.175834s ]
INFO: [ view_filter ] --START--
INFO: Run Behavior\WriteHtmlCacheBehavior [ RunTime:0.004244s ]
INFO: [ view_filter ] --END-- [ RunTime:0.005801s ]
INFO: [ app_end ] --START--
INFO: Run Behavior\ShowPageTraceBehavior [ RunTime:0.004838s ]
INFO: [ app_end ] --END-- [ RunTime:0.006129s ]

[ 2016-03-28T14:04:19+08:00 ] ::1 /one/index.php?s=/Admin/Config/group.html
INFO: [ app_init ] --START--
INFO: Run Behavior\BuildLiteBehavior [ RunTime:0.000222s ]
INFO: Run Common\Behavior\InitHookBehavior [ RunTime:0.005686s ]
INFO: [ app_init ] --END-- [ RunTime:0.010364s ]
INFO: [ app_begin ] --START--
INFO: Run Behavior\ReadHtmlCacheBehavior [ RunTime:0.001473s ]
INFO: [ app_begin ] --END-- [ RunTime:0.002621s ]
SQL: SHOW COLUMNS FROM `menu` [ RunTime:0.0059s ]
SQL: SELECT `id`,`title`,`url` FROM `menu` WHERE `pid` = 0 AND `hide` = 0 ORDER BY `sort` asc  [ RunTime:0.0009s ]
SQL: SELECT `pid` FROM `menu` WHERE ( pid !=0 AND url like '%Config/group%' ) LIMIT 1   [ RunTime:0.0013s ]
SQL: SELECT * FROM `menu` WHERE `id` = 68 LIMIT 1   [ RunTime:0.0007s ]
SQL: SELECT DISTINCT  `group` FROM `menu` WHERE `group` <> '' AND `pid` = 68  [ RunTime:0.0010s ]
SQL: SELECT `id`,`url` FROM `menu` WHERE `pid` = 68 AND `hide` = 0  [ RunTime:0.0008s ]
SQL: SELECT `id`,`pid`,`title`,`url`,`tip` FROM `menu` WHERE `group` = '系统设置' AND `pid` = 68 AND `hide` = 0 ORDER BY `sort` asc  [ RunTime:0.0009s ]
SQL: SELECT `id`,`pid`,`title`,`url`,`tip` FROM `menu` WHERE `group` = '数据备份' AND `pid` = 68 AND `hide` = 0 ORDER BY `sort` asc  [ RunTime:0.0009s ]
SQL: SHOW COLUMNS FROM `config` [ RunTime:0.0055s ]
SQL: SELECT `id`,`name`,`title`,`extra`,`value`,`remark`,`type` FROM `config` WHERE `status` = 1 AND `group` = 1 ORDER BY `sort`  [ RunTime:0.0010s ]
INFO: [ view_parse ] --START--
INFO: [ template_filter ] --START--
INFO: Run Behavior\ContentReplaceBehavior [ RunTime:0.000870s ]
INFO: [ template_filter ] --END-- [ RunTime:0.002113s ]
INFO: Run Behavior\ParseTemplateBehavior [ RunTime:0.191245s ]
INFO: [ view_parse ] --END-- [ RunTime:0.192410s ]
INFO: [ view_filter ] --START--
INFO: Run Behavior\WriteHtmlCacheBehavior [ RunTime:0.001311s ]
INFO: [ view_filter ] --END-- [ RunTime:0.002436s ]
INFO: [ app_end ] --START--
INFO: Run Behavior\ShowPageTraceBehavior [ RunTime:0.004794s ]
INFO: [ app_end ] --END-- [ RunTime:0.006000s ]

[ 2016-03-28T14:04:21+08:00 ] ::1 /one/index.php?s=/Admin/User/index.html
INFO: [ app_init ] --START--
INFO: Run Behavior\BuildLiteBehavior [ RunTime:0.000519s ]
INFO: Run Common\Behavior\InitHookBehavior [ RunTime:0.005749s ]
INFO: [ app_init ] --END-- [ RunTime:0.009325s ]
INFO: [ app_begin ] --START--
INFO: Run Behavior\ReadHtmlCacheBehavior [ RunTime:0.001522s ]
INFO: [ app_begin ] --END-- [ RunTime:0.002694s ]
SQL: SHOW COLUMNS FROM `member` [ RunTime:0.0068s ]
SQL: SELECT COUNT(*) AS tp_count FROM `member` WHERE `status` >= 0 AND `nickname` LIKE '%%' LIMIT 1   [ RunTime:0.0008s ]
SQL: SELECT `uid`,`nickname`,`sex`,`birthday`,`qq`,`score`,`login`,`reg_ip`,`reg_time`,`last_login_ip`,`last_login_time`,`status` FROM `member` WHERE `status` >= 0 AND `nickname` LIKE '%%' ORDER BY `uid` desc LIMIT 0,10   [ RunTime:0.0008s ]
INFO: [ view_parse ] --START--
INFO: [ template_filter ] --START--
INFO: Run Behavior\ContentReplaceBehavior [ RunTime:0.000860s ]
INFO: [ template_filter ] --END-- [ RunTime:0.002066s ]
INFO: Run Behavior\ParseTemplateBehavior [ RunTime:0.175783s ]
INFO: [ view_parse ] --END-- [ RunTime:0.177173s ]
INFO: [ view_filter ] --START--
INFO: Run Behavior\WriteHtmlCacheBehavior [ RunTime:0.001700s ]
INFO: [ view_filter ] --END-- [ RunTime:0.003984s ]
INFO: [ app_end ] --START--
INFO: Run Behavior\ShowPageTraceBehavior [ RunTime:0.003223s ]
INFO: [ app_end ] --END-- [ RunTime:0.011709s ]

[ 2016-03-28T14:04:22+08:00 ] ::1 /one/index.php?s=/Admin/Article/index.html
INFO: [ app_init ] --START--
INFO: Run Behavior\BuildLiteBehavior [ RunTime:0.000222s ]
INFO: Run Common\Behavior\InitHookBehavior [ RunTime:0.006775s ]
INFO: [ app_init ] --END-- [ RunTime:0.009309s ]
INFO: [ app_begin ] --START--
INFO: Run Behavior\ReadHtmlCacheBehavior [ RunTime:0.001480s ]
INFO: [ app_begin ] --END-- [ RunTime:0.002651s ]
SQL: SHOW COLUMNS FROM `auth_group_access` [ RunTime:0.0062s ]
SQL: SELECT `extend_id` FROM auth_group_access g INNER JOIN auth_extend c on g.group_id=c.group_id  WHERE ( g.uid='1' and c.type='1' and !isnull(extend_id) )  [ RunTime:0.0008s ]
SQL: SHOW COLUMNS FROM `category` [ RunTime:0.0064s ]
SQL: SELECT `id`,`title`,`pid`,`allow_publish` FROM `category` WHERE `status` = 1 ORDER BY `pid`,`sort`  [ RunTime:0.0008s ]
SQL: SHOW COLUMNS FROM `model` [ RunTime:0.0057s ]
SQL: SELECT * FROM `model` WHERE `name` = 'document' LIMIT 1   [ RunTime:0.0009s ]
SQL: SHOW COLUMNS FROM `document` [ RunTime:0.0057s ]
SQL: SELECT COUNT(*) AS tp_count FROM document DOCUMENT WHERE `status` IN ('0','1','2') AND `pid` = 0 LIMIT 1   [ RunTime:0.0008s ]
SQL: SELECT `id`,`title`,`type`,`update_time`,`status`,`view`,`category_id`,`model_id`,`pid` FROM document DOCUMENT WHERE `status` IN ('0','1','2') AND `pid` = 0 ORDER BY `level` DESC,DOCUMENT.id DESC LIMIT 0,10   [ RunTime:0.0008s ]
SQL: SELECT `extend` FROM `model` WHERE `id` = 1 LIMIT 1   [ RunTime:0.0016s ]
SQL: SHOW COLUMNS FROM `attribute` [ RunTime:0.0054s ]
SQL: SELECT `id`,`name`,`type`,`extra` FROM `attribute` WHERE `model_id` = 1  [ RunTime:0.0010s ]
NOTIC: [8] Undefined variable: groups D:\wamp\www\one\Application\Admin\Controller\ArticleController.class.php 第 231 行.
INFO: [ view_parse ] --START--
INFO: [ template_filter ] --START--
INFO: Run Behavior\ContentReplaceBehavior [ RunTime:0.001014s ]
INFO: [ template_filter ] --END-- [ RunTime:0.002181s ]
INFO: Run Behavior\ParseTemplateBehavior [ RunTime:0.434337s ]
INFO: [ view_parse ] --END-- [ RunTime:0.435483s ]
INFO: [ view_filter ] --START--
INFO: Run Behavior\WriteHtmlCacheBehavior [ RunTime:0.001346s ]
INFO: [ view_filter ] --END-- [ RunTime:0.002477s ]
INFO: [ app_end ] --START--
INFO: Run Behavior\ShowPageTraceBehavior [ RunTime:0.001580s ]
INFO: [ app_end ] --END-- [ RunTime:0.010062s ]

[ 2016-03-28T14:04:24+08:00 ] ::1 /one/index.php?s=/Admin/Addons/index.html
INFO: [ app_init ] --START--
INFO: Run Behavior\BuildLiteBehavior [ RunTime:0.000230s ]
INFO: Run Common\Behavior\InitHookBehavior [ RunTime:0.005455s ]
INFO: [ app_init ] --END-- [ RunTime:0.007981s ]
INFO: [ app_begin ] --START--
INFO: Run Behavior\ReadHtmlCacheBehavior [ RunTime:0.001489s ]
INFO: [ app_begin ] --END-- [ RunTime:0.002652s ]
SQL: SHOW COLUMNS FROM `addons` [ RunTime:0.0054s ]
SQL: SELECT `title`,`name` FROM `addons` WHERE ( status=1 AND has_adminlist=1 )  [ RunTime:0.0008s ]
SQL: SHOW COLUMNS FROM `menu` [ RunTime:0.0060s ]
SQL: SELECT `id`,`title`,`url` FROM `menu` WHERE `pid` = 0 AND `hide` = 0 ORDER BY `sort` asc  [ RunTime:0.0008s ]
SQL: SELECT `pid` FROM `menu` WHERE ( pid !=0 AND url like '%Addons/index%' ) LIMIT 1   [ RunTime:0.0011s ]
SQL: SELECT * FROM `menu` WHERE `id` = 43 LIMIT 1   [ RunTime:0.0008s ]
SQL: SELECT DISTINCT  `group` FROM `menu` WHERE `group` <> '' AND `pid` = 43  [ RunTime:0.0009s ]
SQL: SELECT `id`,`url` FROM `menu` WHERE `pid` = 43 AND `hide` = 0  [ RunTime:0.0009s ]
SQL: SELECT `id`,`pid`,`title`,`url`,`tip` FROM `menu` WHERE `group` = '扩展' AND `pid` = 43 AND `hide` = 0 ORDER BY `sort` asc  [ RunTime:0.0008s ]
SQL: SELECT `id`,`name`,`title`,`description`,`status`,`config`,`author`,`version`,`create_time`,`has_adminlist` FROM `addons` WHERE `name` IN ('AdaptiveImages','Attachment','DevTeam','Digg','Editor','EditorForAdmin','Iswaf','QiuBai','ReturnTop','SiteStat','SocialComment','SystemInfo')  [ RunTime:0.0009s ]
INFO: [ view_parse ] --START--
INFO: [ template_filter ] --START--
INFO: Run Behavior\ContentReplaceBehavior [ RunTime:0.000800s ]
INFO: [ template_filter ] --END-- [ RunTime:0.002123s ]
SQL: SHOW COLUMNS FROM `addons` [ RunTime:0.0055s ]
SQL: SELECT `config` FROM `addons` WHERE `name` = 'SocialComment' AND `status` = 1 LIMIT 1   [ RunTime:0.0008s ]
SQL: SELECT `config` FROM `addons` WHERE `name` = 'Attachment' AND `status` = 1 LIMIT 1   [ RunTime:0.0008s ]
SQL: SELECT `config` FROM `addons` WHERE `name` = 'SiteStat' AND `status` = 1 LIMIT 1   [ RunTime:0.0008s ]
SQL: SELECT `config` FROM `addons` WHERE `name` = 'DevTeam' AND `status` = 1 LIMIT 1   [ RunTime:0.0008s ]
SQL: SELECT `config` FROM `addons` WHERE `name` = 'SystemInfo' AND `status` = 1 LIMIT 1   [ RunTime:0.0007s ]
INFO: Run Behavior\ParseTemplateBehavior [ RunTime:0.252495s ]
INFO: [ view_parse ] --END-- [ RunTime:0.254732s ]
INFO: [ view_filter ] --START--
INFO: Run Behavior\WriteHtmlCacheBehavior [ RunTime:0.001613s ]
INFO: [ view_filter ] --END-- [ RunTime:0.002731s ]
INFO: [ app_end ] --START--
INFO: Run Behavior\ShowPageTraceBehavior [ RunTime:0.001606s ]
INFO: [ app_end ] --END-- [ RunTime:0.005263s ]

